1571589068509	mozrunner::runner	INFO	Running command: "/Applications/Firefox.app/Contents/MacOS/firefox-bin" "-marionette" "-foreground" "-no-remote" "-profile" "/var/folders/4t/y3_nmb0x3r72x_dgy7c8n6wc0000gn/T/rust_mozprofile.dXMOCxryWrRx"
1571589070311	addons.webextension.screenshots@mozilla.org	WARN	Loading extension 'screenshots@mozilla.org': Reading manifest: Invalid extension permission: mozillaAddons
1571589070311	addons.webextension.screenshots@mozilla.org	WARN	Loading extension 'screenshots@mozilla.org': Reading manifest: Invalid extension permission: telemetry
1571589070311	addons.webextension.screenshots@mozilla.org	WARN	Loading extension 'screenshots@mozilla.org': Reading manifest: Invalid extension permission: resource://pdf.js/
1571589070311	addons.webextension.screenshots@mozilla.org	WARN	Loading extension 'screenshots@mozilla.org': Reading manifest: Invalid extension permission: about:reader*
1571589072197	Marionette	INFO	Listening on port 51346
1571589072226	Marionette	WARN	TLS certificate errors will be ignored for this session
1571589181243	mozrunner::runner	INFO	Running command: "/Applications/Firefox.app/Contents/MacOS/firefox-bin" "-marionette" "-foreground" "-no-remote" "-profile" "/var/folders/4t/y3_nmb0x3r72x_dgy7c8n6wc0000gn/T/rust_mozprofile.yOfyQa6MqYE0"
1571589181671	addons.webextension.screenshots@mozilla.org	WARN	Loading extension 'screenshots@mozilla.org': Reading manifest: Invalid extension permission: mozillaAddons
1571589181671	addons.webextension.screenshots@mozilla.org	WARN	Loading extension 'screenshots@mozilla.org': Reading manifest: Invalid extension permission: telemetry
1571589181671	addons.webextension.screenshots@mozilla.org	WARN	Loading extension 'screenshots@mozilla.org': Reading manifest: Invalid extension permission: resource://pdf.js/
1571589181671	addons.webextension.screenshots@mozilla.org	WARN	Loading extension 'screenshots@mozilla.org': Reading manifest: Invalid extension permission: about:reader*
1571589183352	Marionette	INFO	Listening on port 52111
1571589183399	Marionette	WARN	TLS certificate errors will be ignored for this session
1571589327023	mozrunner::runner	INFO	Running command: "/Applications/Firefox.app/Contents/MacOS/firefox-bin" "-marionette" "-foreground" "-no-remote" "-profile" "/var/folders/4t/y3_nmb0x3r72x_dgy7c8n6wc0000gn/T/rust_mozprofile.OpoHiOeriClN"
1571589327508	addons.webextension.screenshots@mozilla.org	WARN	Loading extension 'screenshots@mozilla.org': Reading manifest: Invalid extension permission: mozillaAddons
1571589327508	addons.webextension.screenshots@mozilla.org	WARN	Loading extension 'screenshots@mozilla.org': Reading manifest: Invalid extension permission: telemetry
1571589327508	addons.webextension.screenshots@mozilla.org	WARN	Loading extension 'screenshots@mozilla.org': Reading manifest: Invalid extension permission: resource://pdf.js/
1571589327508	addons.webextension.screenshots@mozilla.org	WARN	Loading extension 'screenshots@mozilla.org': Reading manifest: Invalid extension permission: about:reader*
1571589329227	Marionette	INFO	Listening on port 53057
1571589329301	Marionette	WARN	TLS certificate errors will be ignored for this session
1571589334555	Marionette	INFO	Stopped listening on port 53057
1571597548116	mozrunner::runner	INFO	Running command: "/Applications/Firefox.app/Contents/MacOS/firefox-bin" "-marionette" "-foreground" "-no-remote" "-profile" "/var/folders/4t/y3_nmb0x3r72x_dgy7c8n6wc0000gn/T/rust_mozprofile.p5wWQogFpXER"
1571597548656	addons.webextension.screenshots@mozilla.org	WARN	Loading extension 'screenshots@mozilla.org': Reading manifest: Invalid extension permission: mozillaAddons
1571597548656	addons.webextension.screenshots@mozilla.org	WARN	Loading extension 'screenshots@mozilla.org': Reading manifest: Invalid extension permission: telemetry
1571597548656	addons.webextension.screenshots@mozilla.org	WARN	Loading extension 'screenshots@mozilla.org': Reading manifest: Invalid extension permission: resource://pdf.js/
1571597548656	addons.webextension.screenshots@mozilla.org	WARN	Loading extension 'screenshots@mozilla.org': Reading manifest: Invalid extension permission: about:reader*
1571597550244	Marionette	INFO	Listening on port 58863
1571597550268	Marionette	WARN	TLS certificate errors will be ignored for this session
1571597556690	Marionette	INFO	Stopped listening on port 58863
1571597888595	mozrunner::runner	INFO	Running command: "/Applications/Firefox.app/Contents/MacOS/firefox-bin" "-marionette" "-foreground" "-no-remote" "-profile" "/var/folders/4t/y3_nmb0x3r72x_dgy7c8n6wc0000gn/T/rust_mozprofile.v5RLQLwCPWJV"
1571597889009	addons.webextension.screenshots@mozilla.org	WARN	Loading extension 'screenshots@mozilla.org': Reading manifest: Invalid extension permission: mozillaAddons
1571597889009	addons.webextension.screenshots@mozilla.org	WARN	Loading extension 'screenshots@mozilla.org': Reading manifest: Invalid extension permission: telemetry
1571597889009	addons.webextension.screenshots@mozilla.org	WARN	Loading extension 'screenshots@mozilla.org': Reading manifest: Invalid extension permission: resource://pdf.js/
1571597889009	addons.webextension.screenshots@mozilla.org	WARN	Loading extension 'screenshots@mozilla.org': Reading manifest: Invalid extension permission: about:reader*
1571597890616	Marionette	INFO	Listening on port 61042
1571597890645	Marionette	WARN	TLS certificate errors will be ignored for this session
1571597895943	Marionette	INFO	Stopped listening on port 61042
1571602440921	mozrunner::runner	INFO	Running command: "/Applications/Firefox.app/Contents/MacOS/firefox-bin" "-marionette" "-foreground" "-no-remote" "-profile" "/var/folders/4t/y3_nmb0x3r72x_dgy7c8n6wc0000gn/T/rust_mozprofile.MmBoKmr13kAQ"
1571602441457	addons.webextension.screenshots@mozilla.org	WARN	Loading extension 'screenshots@mozilla.org': Reading manifest: Invalid extension permission: mozillaAddons
1571602441457	addons.webextension.screenshots@mozilla.org	WARN	Loading extension 'screenshots@mozilla.org': Reading manifest: Invalid extension permission: telemetry
1571602441458	addons.webextension.screenshots@mozilla.org	WARN	Loading extension 'screenshots@mozilla.org': Reading manifest: Invalid extension permission: resource://pdf.js/
1571602441458	addons.webextension.screenshots@mozilla.org	WARN	Loading extension 'screenshots@mozilla.org': Reading manifest: Invalid extension permission: about:reader*
1571602443273	Marionette	INFO	Listening on port 57168
1571602443368	Marionette	WARN	TLS certificate errors will be ignored for this session
1571602538602	mozrunner::runner	INFO	Running command: "/Applications/Firefox.app/Contents/MacOS/firefox-bin" "-marionette" "-foreground" "-no-remote" "-profile" "/var/folders/4t/y3_nmb0x3r72x_dgy7c8n6wc0000gn/T/rust_mozprofile.EmuT49QBfbVB"
1571602539141	addons.webextension.screenshots@mozilla.org	WARN	Loading extension 'screenshots@mozilla.org': Reading manifest: Invalid extension permission: mozillaAddons
1571602539141	addons.webextension.screenshots@mozilla.org	WARN	Loading extension 'screenshots@mozilla.org': Reading manifest: Invalid extension permission: telemetry
1571602539141	addons.webextension.screenshots@mozilla.org	WARN	Loading extension 'screenshots@mozilla.org': Reading manifest: Invalid extension permission: resource://pdf.js/
1571602539142	addons.webextension.screenshots@mozilla.org	WARN	Loading extension 'screenshots@mozilla.org': Reading manifest: Invalid extension permission: about:reader*
1571602540735	Marionette	INFO	Listening on port 57820
1571602540774	Marionette	WARN	TLS certificate errors will be ignored for this session
1571603034947	mozrunner::runner	INFO	Running command: "/Applications/Firefox.app/Contents/MacOS/firefox-bin" "-marionette" "-foreground" "-no-remote" "-profile" "/var/folders/4t/y3_nmb0x3r72x_dgy7c8n6wc0000gn/T/rust_mozprofile.Fq4E8QFlAlKO"
1571603035506	addons.webextension.screenshots@mozilla.org	WARN	Loading extension 'screenshots@mozilla.org': Reading manifest: Invalid extension permission: mozillaAddons
1571603035506	addons.webextension.screenshots@mozilla.org	WARN	Loading extension 'screenshots@mozilla.org': Reading manifest: Invalid extension permission: telemetry
1571603035506	addons.webextension.screenshots@mozilla.org	WARN	Loading extension 'screenshots@mozilla.org': Reading manifest: Invalid extension permission: resource://pdf.js/
1571603035506	addons.webextension.screenshots@mozilla.org	WARN	Loading extension 'screenshots@mozilla.org': Reading manifest: Invalid extension permission: about:reader*
1571603037339	Marionette	INFO	Listening on port 60968
1571603037392	Marionette	WARN	TLS certificate errors will be ignored for this session
1571603206262	mozrunner::runner	INFO	Running command: "/Applications/Firefox.app/Contents/MacOS/firefox-bin" "-marionette" "-foreground" "-no-remote" "-profile" "/var/folders/4t/y3_nmb0x3r72x_dgy7c8n6wc0000gn/T/rust_mozprofile.mB9YnekIBRer"
1571603206876	addons.webextension.screenshots@mozilla.org	WARN	Loading extension 'screenshots@mozilla.org': Reading manifest: Invalid extension permission: mozillaAddons
1571603206876	addons.webextension.screenshots@mozilla.org	WARN	Loading extension 'screenshots@mozilla.org': Reading manifest: Invalid extension permission: telemetry
1571603206876	addons.webextension.screenshots@mozilla.org	WARN	Loading extension 'screenshots@mozilla.org': Reading manifest: Invalid extension permission: resource://pdf.js/
1571603206876	addons.webextension.screenshots@mozilla.org	WARN	Loading extension 'screenshots@mozilla.org': Reading manifest: Invalid extension permission: about:reader*
1571603208624	Marionette	INFO	Listening on port 62111
1571603208719	Marionette	WARN	TLS certificate errors will be ignored for this session
1571603220431	Marionette	INFO	Stopped listening on port 62111
1571603348526	mozrunner::runner	INFO	Running command: "/Applications/Firefox.app/Contents/MacOS/firefox-bin" "-marionette" "-foreground" "-no-remote" "-profile" "/var/folders/4t/y3_nmb0x3r72x_dgy7c8n6wc0000gn/T/rust_mozprofile.aGhhQwhPpQND"
1571603348913	addons.webextension.screenshots@mozilla.org	WARN	Loading extension 'screenshots@mozilla.org': Reading manifest: Invalid extension permission: mozillaAddons
1571603348913	addons.webextension.screenshots@mozilla.org	WARN	Loading extension 'screenshots@mozilla.org': Reading manifest: Invalid extension permission: telemetry
1571603348914	addons.webextension.screenshots@mozilla.org	WARN	Loading extension 'screenshots@mozilla.org': Reading manifest: Invalid extension permission: resource://pdf.js/
1571603348914	addons.webextension.screenshots@mozilla.org	WARN	Loading extension 'screenshots@mozilla.org': Reading manifest: Invalid extension permission: about:reader*
1571603350452	Marionette	INFO	Listening on port 63058
1571603350484	Marionette	WARN	TLS certificate errors will be ignored for this session
1571603362201	Marionette	INFO	Stopped listening on port 63058
1571636929993	mozrunner::runner	INFO	Running command: "/Applications/Firefox.app/Contents/MacOS/firefox-bin" "-marionette" "-foreground" "-no-remote" "-profile" "/var/folders/4t/y3_nmb0x3r72x_dgy7c8n6wc0000gn/T/rust_mozprofile.8cp3ySvwOG83"
1571636930768	addons.webextension.screenshots@mozilla.org	WARN	Loading extension 'screenshots@mozilla.org': Reading manifest: Invalid extension permission: mozillaAddons
1571636930769	addons.webextension.screenshots@mozilla.org	WARN	Loading extension 'screenshots@mozilla.org': Reading manifest: Invalid extension permission: telemetry
1571636930769	addons.webextension.screenshots@mozilla.org	WARN	Loading extension 'screenshots@mozilla.org': Reading manifest: Invalid extension permission: resource://pdf.js/
1571636930769	addons.webextension.screenshots@mozilla.org	WARN	Loading extension 'screenshots@mozilla.org': Reading manifest: Invalid extension permission: about:reader*
1571636932882	Marionette	INFO	Listening on port 50506
1571636932962	Marionette	WARN	TLS certificate errors will be ignored for this session
1571637000253	mozrunner::runner	INFO	Running command: "/Applications/Firefox.app/Contents/MacOS/firefox-bin" "-marionette" "-foreground" "-no-remote" "-profile" "/var/folders/4t/y3_nmb0x3r72x_dgy7c8n6wc0000gn/T/rust_mozprofile.4VVXiXdrz613"
1571637000795	addons.webextension.screenshots@mozilla.org	WARN	Loading extension 'screenshots@mozilla.org': Reading manifest: Invalid extension permission: mozillaAddons
1571637000795	addons.webextension.screenshots@mozilla.org	WARN	Loading extension 'screenshots@mozilla.org': Reading manifest: Invalid extension permission: telemetry
1571637000795	addons.webextension.screenshots@mozilla.org	WARN	Loading extension 'screenshots@mozilla.org': Reading manifest: Invalid extension permission: resource://pdf.js/
1571637000796	addons.webextension.screenshots@mozilla.org	WARN	Loading extension 'screenshots@mozilla.org': Reading manifest: Invalid extension permission: about:reader*
1571637002391	Marionette	INFO	Listening on port 50990
1571637002406	Marionette	WARN	TLS certificate errors will be ignored for this session
1571637710648	mozrunner::runner	INFO	Running command: "/Applications/Firefox.app/Contents/MacOS/firefox-bin" "-marionette" "-foreground" "-no-remote" "-profile" "/var/folders/4t/y3_nmb0x3r72x_dgy7c8n6wc0000gn/T/rust_mozprofile.MEGRktoGjJQX"
1571637711252	addons.webextension.screenshots@mozilla.org	WARN	Loading extension 'screenshots@mozilla.org': Reading manifest: Invalid extension permission: mozillaAddons
1571637711252	addons.webextension.screenshots@mozilla.org	WARN	Loading extension 'screenshots@mozilla.org': Reading manifest: Invalid extension permission: telemetry
1571637711252	addons.webextension.screenshots@mozilla.org	WARN	Loading extension 'screenshots@mozilla.org': Reading manifest: Invalid extension permission: resource://pdf.js/
1571637711252	addons.webextension.screenshots@mozilla.org	WARN	Loading extension 'screenshots@mozilla.org': Reading manifest: Invalid extension permission: about:reader*
1571637713000	Marionette	INFO	Listening on port 55510
1571637713011	Marionette	WARN	TLS certificate errors will be ignored for this session
JavaScript error: https://img4.wsimg.com/starfield/duel/v2.5.7/duel.js?appid=O3BkA5J1#TzNCa0E1SjF2Mi41Ljdwcm9k, line 2: Error: Syntax or http error: https://img4.wsimg.com/wst/v7/WSB7_J_20150617_0953_WSB-Desig_7030/v2/designer/social/share/social.share.js
JavaScript error: https://img4.wsimg.com/starfield/duel/v2.5.7/duel.js?appid=O3BkA5J1#TzNCa0E1SjF2Mi41Ljdwcm9k, line 2: Error: Syntax or http error: https://img4.wsimg.com/wst/v7/WSB7_J_20150617_0953_WSB-Desig_7030/v2/designer/iebackground/iebackground.js
1571637771184	mozrunner::runner	INFO	Running command: "/Applications/Firefox.app/Contents/MacOS/firefox-bin" "-marionette" "-foreground" "-no-remote" "-profile" "/var/folders/4t/y3_nmb0x3r72x_dgy7c8n6wc0000gn/T/rust_mozprofile.WjfW2shRfTjL"
1571637771634	addons.webextension.screenshots@mozilla.org	WARN	Loading extension 'screenshots@mozilla.org': Reading manifest: Invalid extension permission: mozillaAddons
1571637771634	addons.webextension.screenshots@mozilla.org	WARN	Loading extension 'screenshots@mozilla.org': Reading manifest: Invalid extension permission: telemetry
1571637771634	addons.webextension.screenshots@mozilla.org	WARN	Loading extension 'screenshots@mozilla.org': Reading manifest: Invalid extension permission: resource://pdf.js/
1571637771634	addons.webextension.screenshots@mozilla.org	WARN	Loading extension 'screenshots@mozilla.org': Reading manifest: Invalid extension permission: about:reader*
1571637773518	Marionette	INFO	Listening on port 55949
1571637773551	Marionette	WARN	TLS certificate errors will be ignored for this session
JavaScript error: https://img4.wsimg.com/starfield/duel/v2.5.7/duel.js?appid=O3BkA5J1#TzNCa0E1SjF2Mi41Ljdwcm9k, line 2: Error: Syntax or http error: https://img4.wsimg.com/wst/v7/WSB7_J_20150617_0953_WSB-Desig_7030/v2/designer/social/share/social.share.js
JavaScript error: https://img4.wsimg.com/starfield/duel/v2.5.7/duel.js?appid=O3BkA5J1#TzNCa0E1SjF2Mi41Ljdwcm9k, line 2: Error: Syntax or http error: https://img4.wsimg.com/wst/v7/WSB7_J_20150617_0953_WSB-Desig_7030/v2/designer/iebackground/iebackground.js
1571638010899	mozrunner::runner	INFO	Running command: "/Applications/Firefox.app/Contents/MacOS/firefox-bin" "-marionette" "-foreground" "-no-remote" "-profile" "/var/folders/4t/y3_nmb0x3r72x_dgy7c8n6wc0000gn/T/rust_mozprofile.1xEpqdyx6Qb9"
1571638011472	addons.webextension.screenshots@mozilla.org	WARN	Loading extension 'screenshots@mozilla.org': Reading manifest: Invalid extension permission: mozillaAddons
1571638011472	addons.webextension.screenshots@mozilla.org	WARN	Loading extension 'screenshots@mozilla.org': Reading manifest: Invalid extension permission: telemetry
1571638011473	addons.webextension.screenshots@mozilla.org	WARN	Loading extension 'screenshots@mozilla.org': Reading manifest: Invalid extension permission: resource://pdf.js/
1571638011473	addons.webextension.screenshots@mozilla.org	WARN	Loading extension 'screenshots@mozilla.org': Reading manifest: Invalid extension permission: about:reader*
1571638013188	Marionette	INFO	Listening on port 57512
1571638013277	Marionette	WARN	TLS certificate errors will be ignored for this session
JavaScript error: https://img4.wsimg.com/starfield/duel/v2.5.7/duel.js?appid=O3BkA5J1#TzNCa0E1SjF2Mi41Ljdwcm9k, line 2: Error: Syntax or http error: https://img4.wsimg.com/wst/v7/WSB7_J_20150617_0953_WSB-Desig_7030/v2/designer/social/share/social.share.js
JavaScript error: https://img4.wsimg.com/starfield/duel/v2.5.7/duel.js?appid=O3BkA5J1#TzNCa0E1SjF2Mi41Ljdwcm9k, line 2: Error: Syntax or http error: https://img4.wsimg.com/wst/v7/WSB7_J_20150617_0953_WSB-Desig_7030/v2/designer/iebackground/iebackground.js
1571638109807	mozrunner::runner	INFO	Running command: "/Applications/Firefox.app/Contents/MacOS/firefox-bin" "-marionette" "-foreground" "-no-remote" "-profile" "/var/folders/4t/y3_nmb0x3r72x_dgy7c8n6wc0000gn/T/rust_mozprofile.434d0O9KDGeU"
1571638110424	addons.webextension.screenshots@mozilla.org	WARN	Loading extension 'screenshots@mozilla.org': Reading manifest: Invalid extension permission: mozillaAddons
1571638110424	addons.webextension.screenshots@mozilla.org	WARN	Loading extension 'screenshots@mozilla.org': Reading manifest: Invalid extension permission: telemetry
1571638110424	addons.webextension.screenshots@mozilla.org	WARN	Loading extension 'screenshots@mozilla.org': Reading manifest: Invalid extension permission: resource://pdf.js/
1571638110424	addons.webextension.screenshots@mozilla.org	WARN	Loading extension 'screenshots@mozilla.org': Reading manifest: Invalid extension permission: about:reader*
1571638112193	Marionette	INFO	Listening on port 58183
1571638112278	Marionette	WARN	TLS certificate errors will be ignored for this session
JavaScript error: https://img4.wsimg.com/starfield/duel/v2.5.7/duel.js?appid=O3BkA5J1#TzNCa0E1SjF2Mi41Ljdwcm9k, line 2: Error: Syntax or http error: https://img4.wsimg.com/wst/v7/WSB7_J_20150617_0953_WSB-Desig_7030/v2/designer/social/share/social.share.js
JavaScript error: https://img4.wsimg.com/starfield/duel/v2.5.7/duel.js?appid=O3BkA5J1#TzNCa0E1SjF2Mi41Ljdwcm9k, line 2: Error: Syntax or http error: https://img4.wsimg.com/wst/v7/WSB7_J_20150617_0953_WSB-Desig_7030/v2/common/cookiemanager/cookiemanager.js
1571638124950	Marionette	INFO	Stopped listening on port 58183
1571664922872	Marionette	INFO	Stopped listening on port 57512
1571664925534	Marionette	INFO	Stopped listening on port 55949
1571664928354	Marionette	INFO	Stopped listening on port 55510
1571664931160	Marionette	INFO	Stopped listening on port 50990
1571664933797	Marionette	INFO	Stopped listening on port 50506
1571664936363	Marionette	INFO	Stopped listening on port 60968
1571664938781	Marionette	INFO	Stopped listening on port 57820
1571664941075	Marionette	INFO	Stopped listening on port 57168
1571664943502	Marionette	INFO	Stopped listening on port 52111
1571664945977	Marionette	INFO	Stopped listening on port 51346
1571682097979	mozrunner::runner	INFO	Running command: "/Applications/Firefox.app/Contents/MacOS/firefox-bin" "-marionette" "-foreground" "-no-remote" "-profile" "/var/folders/4t/y3_nmb0x3r72x_dgy7c8n6wc0000gn/T/rust_mozprofile.dMFWLNoksQfy"
1571682098869	addons.webextension.screenshots@mozilla.org	WARN	Loading extension 'screenshots@mozilla.org': Reading manifest: Invalid extension permission: mozillaAddons
1571682098870	addons.webextension.screenshots@mozilla.org	WARN	Loading extension 'screenshots@mozilla.org': Reading manifest: Invalid extension permission: telemetry
1571682098870	addons.webextension.screenshots@mozilla.org	WARN	Loading extension 'screenshots@mozilla.org': Reading manifest: Invalid extension permission: resource://pdf.js/
1571682098870	addons.webextension.screenshots@mozilla.org	WARN	Loading extension 'screenshots@mozilla.org': Reading manifest: Invalid extension permission: about:reader*
1571682100944	Marionette	INFO	Listening on port 50789
1571682101040	Marionette	WARN	TLS certificate errors will be ignored for this session
JavaScript error: https://img4.wsimg.com/starfield/duel/v2.5.7/duel.js?appid=O3BkA5J1#TzNCa0E1SjF2Mi41Ljdwcm9k, line 2: Error: Syntax or http error: https://img4.wsimg.com/wst/v7/WSB7_J_20150617_0953_WSB-Desig_7030/v2/common/cookiemanager/cookiemanager.js
JavaScript error: https://img4.wsimg.com/starfield/duel/v2.5.7/duel.js?appid=O3BkA5J1#TzNCa0E1SjF2Mi41Ljdwcm9k, line 2: Error: Syntax or http error: https://img4.wsimg.com/wst/v7/WSB7_J_20150617_0953_WSB-Desig_7030/v2/designer/social/share/social.share.js
1571682126107	Marionette	INFO	Stopped listening on port 50789
1571683071251	mozrunner::runner	INFO	Running command: "/Applications/Firefox.app/Contents/MacOS/firefox-bin" "-marionette" "-foreground" "-no-remote" "-profile" "/var/folders/4t/y3_nmb0x3r72x_dgy7c8n6wc0000gn/T/rust_mozprofile.DdoBI6cQEzmA"
1571683071730	addons.webextension.screenshots@mozilla.org	WARN	Loading extension 'screenshots@mozilla.org': Reading manifest: Invalid extension permission: mozillaAddons
1571683071730	addons.webextension.screenshots@mozilla.org	WARN	Loading extension 'screenshots@mozilla.org': Reading manifest: Invalid extension permission: telemetry
1571683071731	addons.webextension.screenshots@mozilla.org	WARN	Loading extension 'screenshots@mozilla.org': Reading manifest: Invalid extension permission: resource://pdf.js/
1571683071731	addons.webextension.screenshots@mozilla.org	WARN	Loading extension 'screenshots@mozilla.org': Reading manifest: Invalid extension permission: about:reader*
1571683073612	Marionette	INFO	Listening on port 56921
1571683073712	Marionette	WARN	TLS certificate errors will be ignored for this session
JavaScript error: https://img4.wsimg.com/starfield/duel/v2.5.7/duel.js?appid=O3BkA5J1#TzNCa0E1SjF2Mi41Ljdwcm9k, line 2: Error: Syntax or http error: https://img4.wsimg.com/wst/v7/WSB7_J_20150617_0953_WSB-Desig_7030/v2/designer/social/share/social.share.js
JavaScript error: https://img4.wsimg.com/starfield/duel/v2.5.7/duel.js?appid=O3BkA5J1#TzNCa0E1SjF2Mi41Ljdwcm9k, line 2: Error: Syntax or http error: https://img4.wsimg.com/wst/v7/WSB7_J_20150617_0953_WSB-Desig_7030/v2/common/cookiemanager/cookiemanager.js
1571683098544	Marionette	INFO	Stopped listening on port 56921
1571683213491	mozrunner::runner	INFO	Running command: "/Applications/Firefox.app/Contents/MacOS/firefox-bin" "-marionette" "-foreground" "-no-remote" "-profile" "/var/folders/4t/y3_nmb0x3r72x_dgy7c8n6wc0000gn/T/rust_mozprofile.GeqHiGFNHjNN"
1571683213891	addons.webextension.screenshots@mozilla.org	WARN	Loading extension 'screenshots@mozilla.org': Reading manifest: Invalid extension permission: mozillaAddons
1571683213892	addons.webextension.screenshots@mozilla.org	WARN	Loading extension 'screenshots@mozilla.org': Reading manifest: Invalid extension permission: telemetry
1571683213892	addons.webextension.screenshots@mozilla.org	WARN	Loading extension 'screenshots@mozilla.org': Reading manifest: Invalid extension permission: resource://pdf.js/
1571683213892	addons.webextension.screenshots@mozilla.org	WARN	Loading extension 'screenshots@mozilla.org': Reading manifest: Invalid extension permission: about:reader*
1571683215481	Marionette	INFO	Listening on port 57870
1571683215546	Marionette	WARN	TLS certificate errors will be ignored for this session
JavaScript error: https://img4.wsimg.com/starfield/duel/v2.5.7/duel.js?appid=O3BkA5J1#TzNCa0E1SjF2Mi41Ljdwcm9k, line 2: Error: Syntax or http error: https://img4.wsimg.com/wst/v7/WSB7_J_20150617_0953_WSB-Desig_7030/v2/designer/social/share/social.share.js
JavaScript error: https://img4.wsimg.com/starfield/duel/v2.5.7/duel.js?appid=O3BkA5J1#TzNCa0E1SjF2Mi41Ljdwcm9k, line 2: Error: Syntax or http error: https://img4.wsimg.com/wst/v7/WSB7_J_20150617_0953_WSB-Desig_7030/v2/common/cookiemanager/cookiemanager.js
1571683357774	mozrunner::runner	INFO	Running command: "/Applications/Firefox.app/Contents/MacOS/firefox-bin" "-marionette" "-foreground" "-no-remote" "-profile" "/var/folders/4t/y3_nmb0x3r72x_dgy7c8n6wc0000gn/T/rust_mozprofile.ByLVnZkHMDnd"
1571683358279	addons.webextension.screenshots@mozilla.org	WARN	Loading extension 'screenshots@mozilla.org': Reading manifest: Invalid extension permission: mozillaAddons
1571683358280	addons.webextension.screenshots@mozilla.org	WARN	Loading extension 'screenshots@mozilla.org': Reading manifest: Invalid extension permission: telemetry
1571683358280	addons.webextension.screenshots@mozilla.org	WARN	Loading extension 'screenshots@mozilla.org': Reading manifest: Invalid extension permission: resource://pdf.js/
1571683358280	addons.webextension.screenshots@mozilla.org	WARN	Loading extension 'screenshots@mozilla.org': Reading manifest: Invalid extension permission: about:reader*
1571683359970	Marionette	INFO	Listening on port 58826
1571683360025	Marionette	WARN	TLS certificate errors will be ignored for this session
JavaScript error: https://img4.wsimg.com/starfield/duel/v2.5.7/duel.js?appid=O3BkA5J1#TzNCa0E1SjF2Mi41Ljdwcm9k, line 2: Error: Syntax or http error: https://img4.wsimg.com/wst/v7/WSB7_J_20150617_0953_WSB-Desig_7030/v2/common/cookiemanager/cookiemanager.js
JavaScript error: https://img4.wsimg.com/starfield/duel/v2.5.7/duel.js?appid=O3BkA5J1#TzNCa0E1SjF2Mi41Ljdwcm9k, line 2: Error: Syntax or http error: https://img4.wsimg.com/wst/v7/WSB7_J_20150617_0953_WSB-Desig_7030/v2/designer/social/share/social.share.js
1571683409166	Marionette	INFO	Stopped listening on port 58826
1571683941487	mozrunner::runner	INFO	Running command: "/Applications/Firefox.app/Contents/MacOS/firefox-bin" "-marionette" "-foreground" "-no-remote" "-profile" "/var/folders/4t/y3_nmb0x3r72x_dgy7c8n6wc0000gn/T/rust_mozprofile.cMLCIiX3EKBy"
1571683942018	addons.webextension.screenshots@mozilla.org	WARN	Loading extension 'screenshots@mozilla.org': Reading manifest: Invalid extension permission: mozillaAddons
1571683942018	addons.webextension.screenshots@mozilla.org	WARN	Loading extension 'screenshots@mozilla.org': Reading manifest: Invalid extension permission: telemetry
1571683942018	addons.webextension.screenshots@mozilla.org	WARN	Loading extension 'screenshots@mozilla.org': Reading manifest: Invalid extension permission: resource://pdf.js/
1571683942018	addons.webextension.screenshots@mozilla.org	WARN	Loading extension 'screenshots@mozilla.org': Reading manifest: Invalid extension permission: about:reader*
1571683943752	Marionette	INFO	Listening on port 62542
1571683943855	Marionette	WARN	TLS certificate errors will be ignored for this session
JavaScript error: https://img4.wsimg.com/starfield/duel/v2.5.7/duel.js?appid=O3BkA5J1#TzNCa0E1SjF2Mi41Ljdwcm9k, line 2: Error: Syntax or http error: https://img4.wsimg.com/wst/v7/WSB7_J_20150617_0953_WSB-Desig_7030/v2/common/cookiemanager/cookiemanager.js
JavaScript error: https://img4.wsimg.com/starfield/duel/v2.5.7/duel.js?appid=O3BkA5J1#TzNCa0E1SjF2Mi41Ljdwcm9k, line 2: Error: Syntax or http error: https://img4.wsimg.com/wst/v7/WSB7_J_20150617_0953_WSB-Desig_7030/v2/designer/social/share/social.share.js
1571684098866	mozrunner::runner	INFO	Running command: "/Applications/Firefox.app/Contents/MacOS/firefox-bin" "-marionette" "-foreground" "-no-remote" "-profile" "/var/folders/4t/y3_nmb0x3r72x_dgy7c8n6wc0000gn/T/rust_mozprofile.2DrfZn03RMTM"
1571684099349	addons.webextension.screenshots@mozilla.org	WARN	Loading extension 'screenshots@mozilla.org': Reading manifest: Invalid extension permission: mozillaAddons
1571684099350	addons.webextension.screenshots@mozilla.org	WARN	Loading extension 'screenshots@mozilla.org': Reading manifest: Invalid extension permission: telemetry
1571684099350	addons.webextension.screenshots@mozilla.org	WARN	Loading extension 'screenshots@mozilla.org': Reading manifest: Invalid extension permission: resource://pdf.js/
1571684099350	addons.webextension.screenshots@mozilla.org	WARN	Loading extension 'screenshots@mozilla.org': Reading manifest: Invalid extension permission: about:reader*
1571684101077	Marionette	INFO	Listening on port 63634
1571684101136	Marionette	WARN	TLS certificate errors will be ignored for this session
JavaScript error: https://img4.wsimg.com/starfield/duel/v2.5.7/duel.js?appid=O3BkA5J1#TzNCa0E1SjF2Mi41Ljdwcm9k, line 2: Error: Syntax or http error: https://img4.wsimg.com/wst/v7/WSB7_J_20150617_0953_WSB-Desig_7030/v2/common/cookiemanager/cookiemanager.js
JavaScript error: https://img4.wsimg.com/starfield/duel/v2.5.7/duel.js?appid=O3BkA5J1#TzNCa0E1SjF2Mi41Ljdwcm9k, line 2: Error: Syntax or http error: https://img4.wsimg.com/wst/v7/WSB7_J_20150617_0953_WSB-Desig_7030/v2/designer/social/share/social.share.js
1571684212389	mozrunner::runner	INFO	Running command: "/Applications/Firefox.app/Contents/MacOS/firefox-bin" "-marionette" "-foreground" "-no-remote" "-profile" "/var/folders/4t/y3_nmb0x3r72x_dgy7c8n6wc0000gn/T/rust_mozprofile.8FD3jH4VaWIC"
1571684212922	addons.webextension.screenshots@mozilla.org	WARN	Loading extension 'screenshots@mozilla.org': Reading manifest: Invalid extension permission: mozillaAddons
1571684212923	addons.webextension.screenshots@mozilla.org	WARN	Loading extension 'screenshots@mozilla.org': Reading manifest: Invalid extension permission: telemetry
1571684212923	addons.webextension.screenshots@mozilla.org	WARN	Loading extension 'screenshots@mozilla.org': Reading manifest: Invalid extension permission: resource://pdf.js/
1571684212923	addons.webextension.screenshots@mozilla.org	WARN	Loading extension 'screenshots@mozilla.org': Reading manifest: Invalid extension permission: about:reader*
1571684214685	Marionette	INFO	Listening on port 64399
1571684214742	Marionette	WARN	TLS certificate errors will be ignored for this session
JavaScript error: https://img4.wsimg.com/starfield/duel/v2.5.7/duel.js?appid=O3BkA5J1#TzNCa0E1SjF2Mi41Ljdwcm9k, line 2: Error: Syntax or http error: https://img4.wsimg.com/wst/v7/WSB7_J_20150617_0953_WSB-Desig_7030/v2/designer/social/share/social.share.js
JavaScript error: https://img4.wsimg.com/starfield/duel/v2.5.7/duel.js?appid=O3BkA5J1#TzNCa0E1SjF2Mi41Ljdwcm9k, line 2: Error: Syntax or http error: https://img4.wsimg.com/wst/v7/WSB7_J_20150617_0953_WSB-Desig_7030/v2/designer/iebackground/iebackground.js
1571684233331	Marionette	INFO	Stopped listening on port 64399
1571685032415	mozrunner::runner	INFO	Running command: "/Applications/Firefox.app/Contents/MacOS/firefox-bin" "-marionette" "-foreground" "-no-remote" "-profile" "/var/folders/4t/y3_nmb0x3r72x_dgy7c8n6wc0000gn/T/rust_mozprofile.ZYNdw2CpVwwy"
1571685032986	addons.webextension.screenshots@mozilla.org	WARN	Loading extension 'screenshots@mozilla.org': Reading manifest: Invalid extension permission: mozillaAddons
1571685032986	addons.webextension.screenshots@mozilla.org	WARN	Loading extension 'screenshots@mozilla.org': Reading manifest: Invalid extension permission: telemetry
1571685032987	addons.webextension.screenshots@mozilla.org	WARN	Loading extension 'screenshots@mozilla.org': Reading manifest: Invalid extension permission: resource://pdf.js/
1571685032987	addons.webextension.screenshots@mozilla.org	WARN	Loading extension 'screenshots@mozilla.org': Reading manifest: Invalid extension permission: about:reader*
1571685034622	Marionette	INFO	Listening on port 53335
1571685034686	Marionette	WARN	TLS certificate errors will be ignored for this session
JavaScript error: https://img4.wsimg.com/starfield/duel/v2.5.7/duel.js?appid=O3BkA5J1#TzNCa0E1SjF2Mi41Ljdwcm9k, line 2: Error: Syntax or http error: https://img4.wsimg.com/wst/v7/WSB7_J_20150617_0953_WSB-Desig_7030/v2/designer/iebackground/iebackground.js
JavaScript error: https://img4.wsimg.com/starfield/duel/v2.5.7/duel.js?appid=O3BkA5J1#TzNCa0E1SjF2Mi41Ljdwcm9k, line 2: Error: Syntax or http error: https://img4.wsimg.com/wst/v7/WSB7_J_20150617_0953_WSB-Desig_7030/v2/designer/social/share/social.share.js
1571685053080	Marionette	INFO	Stopped listening on port 53335
1571685071554	mozrunner::runner	INFO	Running command: "/Applications/Firefox.app/Contents/MacOS/firefox-bin" "-marionette" "-foreground" "-no-remote" "-profile" "/var/folders/4t/y3_nmb0x3r72x_dgy7c8n6wc0000gn/T/rust_mozprofile.5pAFSlIgQHqe"
1571685072029	addons.webextension.screenshots@mozilla.org	WARN	Loading extension 'screenshots@mozilla.org': Reading manifest: Invalid extension permission: mozillaAddons
1571685072030	addons.webextension.screenshots@mozilla.org	WARN	Loading extension 'screenshots@mozilla.org': Reading manifest: Invalid extension permission: telemetry
1571685072030	addons.webextension.screenshots@mozilla.org	WARN	Loading extension 'screenshots@mozilla.org': Reading manifest: Invalid extension permission: resource://pdf.js/
1571685072030	addons.webextension.screenshots@mozilla.org	WARN	Loading extension 'screenshots@mozilla.org': Reading manifest: Invalid extension permission: about:reader*
1571685073619	Marionette	INFO	Listening on port 53647
1571685073712	Marionette	WARN	TLS certificate errors will be ignored for this session
JavaScript error: https://img4.wsimg.com/starfield/duel/v2.5.7/duel.js?appid=O3BkA5J1#TzNCa0E1SjF2Mi41Ljdwcm9k, line 2: Error: Syntax or http error: https://img4.wsimg.com/wst/v7/WSB7_J_20150617_0953_WSB-Desig_7030/v2/designer/social/share/social.share.js
JavaScript error: https://img4.wsimg.com/starfield/duel/v2.5.7/duel.js?appid=O3BkA5J1#TzNCa0E1SjF2Mi41Ljdwcm9k, line 2: Error: Syntax or http error: https://img4.wsimg.com/wst/v7/WSB7_J_20150617_0953_WSB-Desig_7030/v2/common/cookiemanager/cookiemanager.js
1571685210272	mozrunner::runner	INFO	Running command: "/Applications/Firefox.app/Contents/MacOS/firefox-bin" "-marionette" "-foreground" "-no-remote" "-profile" "/var/folders/4t/y3_nmb0x3r72x_dgy7c8n6wc0000gn/T/rust_mozprofile.M54E66XdSQk1"
1571685210761	addons.webextension.screenshots@mozilla.org	WARN	Loading extension 'screenshots@mozilla.org': Reading manifest: Invalid extension permission: mozillaAddons
1571685210761	addons.webextension.screenshots@mozilla.org	WARN	Loading extension 'screenshots@mozilla.org': Reading manifest: Invalid extension permission: telemetry
1571685210761	addons.webextension.screenshots@mozilla.org	WARN	Loading extension 'screenshots@mozilla.org': Reading manifest: Invalid extension permission: resource://pdf.js/
1571685210761	addons.webextension.screenshots@mozilla.org	WARN	Loading extension 'screenshots@mozilla.org': Reading manifest: Invalid extension permission: about:reader*
1571685212563	Marionette	INFO	Listening on port 54599
1571685212635	Marionette	WARN	TLS certificate errors will be ignored for this session
JavaScript error: https://img4.wsimg.com/starfield/duel/v2.5.7/duel.js?appid=O3BkA5J1#TzNCa0E1SjF2Mi41Ljdwcm9k, line 2: Error: Syntax or http error: https://img4.wsimg.com/wst/v7/WSB7_J_20150617_0953_WSB-Desig_7030/v2/designer/iebackground/iebackground.js
JavaScript error: https://img4.wsimg.com/starfield/duel/v2.5.7/duel.js?appid=O3BkA5J1#TzNCa0E1SjF2Mi41Ljdwcm9k, line 2: Error: Syntax or http error: https://img4.wsimg.com/wst/v7/WSB7_J_20150617_0953_WSB-Desig_7030/v2/designer/social/share/social.share.js
1571685234793	Marionette	INFO	Stopped listening on port 54599
1571685407130	Marionette	INFO	Stopped listening on port 53647
1571685409746	Marionette	INFO	Stopped listening on port 63634
1571685412605	Marionette	INFO	Stopped listening on port 62542
1571685414724	Marionette	INFO	Stopped listening on port 57870
1571686189585	mozrunner::runner	INFO	Running command: "/Applications/Firefox.app/Contents/MacOS/firefox-bin" "-marionette" "-foreground" "-no-remote" "-profile" "/var/folders/4t/y3_nmb0x3r72x_dgy7c8n6wc0000gn/T/rust_mozprofile.ijQKm4qEUvfx"
1571686190281	addons.webextension.screenshots@mozilla.org	WARN	Loading extension 'screenshots@mozilla.org': Reading manifest: Invalid extension permission: mozillaAddons
1571686190281	addons.webextension.screenshots@mozilla.org	WARN	Loading extension 'screenshots@mozilla.org': Reading manifest: Invalid extension permission: telemetry
1571686190281	addons.webextension.screenshots@mozilla.org	WARN	Loading extension 'screenshots@mozilla.org': Reading manifest: Invalid extension permission: resource://pdf.js/
1571686190281	addons.webextension.screenshots@mozilla.org	WARN	Loading extension 'screenshots@mozilla.org': Reading manifest: Invalid extension permission: about:reader*
1571686191996	Marionette	INFO	Listening on port 60854
1571686192062	Marionette	WARN	TLS certificate errors will be ignored for this session
JavaScript warning: http://demowebshop.tricentis.com/Scripts/jquery-1.10.2.min.js, line 19: Using //@ to indicate sourceMappingURL pragmas is deprecated. Use //# instead
1571686194264	Marionette	INFO	Stopped listening on port 60854
1571686667734	mozrunner::runner	INFO	Running command: "/Applications/Firefox.app/Contents/MacOS/firefox-bin" "-marionette" "-foreground" "-no-remote" "-profile" "/var/folders/4t/y3_nmb0x3r72x_dgy7c8n6wc0000gn/T/rust_mozprofile.Y0K8yWlcoJMW"
1571686668130	addons.webextension.screenshots@mozilla.org	WARN	Loading extension 'screenshots@mozilla.org': Reading manifest: Invalid extension permission: mozillaAddons
1571686668130	addons.webextension.screenshots@mozilla.org	WARN	Loading extension 'screenshots@mozilla.org': Reading manifest: Invalid extension permission: telemetry
1571686668130	addons.webextension.screenshots@mozilla.org	WARN	Loading extension 'screenshots@mozilla.org': Reading manifest: Invalid extension permission: resource://pdf.js/
1571686668130	addons.webextension.screenshots@mozilla.org	WARN	Loading extension 'screenshots@mozilla.org': Reading manifest: Invalid extension permission: about:reader*
1571686669652	Marionette	INFO	Listening on port 63902
1571686669699	Marionette	WARN	TLS certificate errors will be ignored for this session
JavaScript warning: http://demowebshop.tricentis.com/Scripts/jquery-1.10.2.min.js, line 19: Using //@ to indicate sourceMappingURL pragmas is deprecated. Use //# instead
1571686725883	Marionette	INFO	Stopped listening on port 63902
1571687038716	mozrunner::runner	INFO	Running command: "/Applications/Firefox.app/Contents/MacOS/firefox-bin" "-marionette" "-foreground" "-no-remote" "-profile" "/var/folders/4t/y3_nmb0x3r72x_dgy7c8n6wc0000gn/T/rust_mozprofile.daNWIHwQoGaR"
1571687039174	addons.webextension.screenshots@mozilla.org	WARN	Loading extension 'screenshots@mozilla.org': Reading manifest: Invalid extension permission: mozillaAddons
1571687039174	addons.webextension.screenshots@mozilla.org	WARN	Loading extension 'screenshots@mozilla.org': Reading manifest: Invalid extension permission: telemetry
1571687039174	addons.webextension.screenshots@mozilla.org	WARN	Loading extension 'screenshots@mozilla.org': Reading manifest: Invalid extension permission: resource://pdf.js/
1571687039174	addons.webextension.screenshots@mozilla.org	WARN	Loading extension 'screenshots@mozilla.org': Reading manifest: Invalid extension permission: about:reader*
1571687040845	Marionette	INFO	Listening on port 49922
1571687040890	Marionette	WARN	TLS certificate errors will be ignored for this session
JavaScript warning: http://demowebshop.tricentis.com/Scripts/jquery-1.10.2.min.js, line 19: Using //@ to indicate sourceMappingURL pragmas is deprecated. Use //# instead
1571687079089	Marionette	INFO	Stopped listening on port 49922
1571687212264	mozrunner::runner	INFO	Running command: "/Applications/Firefox.app/Contents/MacOS/firefox-bin" "-marionette" "-foreground" "-no-remote" "-profile" "/var/folders/4t/y3_nmb0x3r72x_dgy7c8n6wc0000gn/T/rust_mozprofile.kXwFeBIRLcL9"
1571687212743	addons.webextension.screenshots@mozilla.org	WARN	Loading extension 'screenshots@mozilla.org': Reading manifest: Invalid extension permission: mozillaAddons
1571687212743	addons.webextension.screenshots@mozilla.org	WARN	Loading extension 'screenshots@mozilla.org': Reading manifest: Invalid extension permission: telemetry
1571687212743	addons.webextension.screenshots@mozilla.org	WARN	Loading extension 'screenshots@mozilla.org': Reading manifest: Invalid extension permission: resource://pdf.js/
1571687212743	addons.webextension.screenshots@mozilla.org	WARN	Loading extension 'screenshots@mozilla.org': Reading manifest: Invalid extension permission: about:reader*
1571687214348	Marionette	INFO	Listening on port 51043
1571687214429	Marionette	WARN	TLS certificate errors will be ignored for this session
JavaScript warning: http://demowebshop.tricentis.com/Scripts/jquery-1.10.2.min.js, line 19: Using //@ to indicate sourceMappingURL pragmas is deprecated. Use //# instead
1571687216382	Marionette	INFO	Stopped listening on port 51043
1571687867899	mozrunner::runner	INFO	Running command: "/Applications/Firefox.app/Contents/MacOS/firefox-bin" "-marionette" "-foreground" "-no-remote" "-profile" "/var/folders/4t/y3_nmb0x3r72x_dgy7c8n6wc0000gn/T/rust_mozprofile.PgO29dLkIfgs"
1571687868386	addons.webextension.screenshots@mozilla.org	WARN	Loading extension 'screenshots@mozilla.org': Reading manifest: Invalid extension permission: mozillaAddons
1571687868386	addons.webextension.screenshots@mozilla.org	WARN	Loading extension 'screenshots@mozilla.org': Reading manifest: Invalid extension permission: telemetry
1571687868386	addons.webextension.screenshots@mozilla.org	WARN	Loading extension 'screenshots@mozilla.org': Reading manifest: Invalid extension permission: resource://pdf.js/
1571687868386	addons.webextension.screenshots@mozilla.org	WARN	Loading extension 'screenshots@mozilla.org': Reading manifest: Invalid extension permission: about:reader*
1571687869930	Marionette	INFO	Listening on port 55213
1571687869950	Marionette	WARN	TLS certificate errors will be ignored for this session
JavaScript warning: http://demowebshop.tricentis.com/Scripts/jquery-1.10.2.min.js, line 19: Using //@ to indicate sourceMappingURL pragmas is deprecated. Use //# instead
JavaScript warning: http://demowebshop.tricentis.com/Scripts/jquery-1.10.2.min.js, line 19: Using //@ to indicate sourceMappingURL pragmas is deprecated. Use //# instead
1571687872912	Marionette	INFO	Stopped listening on port 55213
1571687899435	mozrunner::runner	INFO	Running command: "/Applications/Firefox.app/Contents/MacOS/firefox-bin" "-marionette" "-foreground" "-no-remote" "-profile" "/var/folders/4t/y3_nmb0x3r72x_dgy7c8n6wc0000gn/T/rust_mozprofile.0m0ThuuJ4YT0"
1571687899867	addons.webextension.screenshots@mozilla.org	WARN	Loading extension 'screenshots@mozilla.org': Reading manifest: Invalid extension permission: mozillaAddons
1571687899867	addons.webextension.screenshots@mozilla.org	WARN	Loading extension 'screenshots@mozilla.org': Reading manifest: Invalid extension permission: telemetry
1571687899867	addons.webextension.screenshots@mozilla.org	WARN	Loading extension 'screenshots@mozilla.org': Reading manifest: Invalid extension permission: resource://pdf.js/
1571687899867	addons.webextension.screenshots@mozilla.org	WARN	Loading extension 'screenshots@mozilla.org': Reading manifest: Invalid extension permission: about:reader*
1571687901364	Marionette	INFO	Listening on port 55455
1571687901384	Marionette	WARN	TLS certificate errors will be ignored for this session
JavaScript warning: http://demowebshop.tricentis.com/Scripts/jquery-1.10.2.min.js, line 19: Using //@ to indicate sourceMappingURL pragmas is deprecated. Use //# instead
JavaScript warning: http://demowebshop.tricentis.com/Scripts/jquery-1.10.2.min.js, line 19: Using //@ to indicate sourceMappingURL pragmas is deprecated. Use //# instead
1571687908866	Marionette	INFO	Stopped listening on port 55455
1571688551941	mozrunner::runner	INFO	Running command: "/Applications/Firefox.app/Contents/MacOS/firefox-bin" "-marionette" "-foreground" "-no-remote" "-profile" "/var/folders/4t/y3_nmb0x3r72x_dgy7c8n6wc0000gn/T/rust_mozprofile.MFfo0aogeJtJ"
1571688552417	addons.webextension.screenshots@mozilla.org	WARN	Loading extension 'screenshots@mozilla.org': Reading manifest: Invalid extension permission: mozillaAddons
1571688552417	addons.webextension.screenshots@mozilla.org	WARN	Loading extension 'screenshots@mozilla.org': Reading manifest: Invalid extension permission: telemetry
1571688552417	addons.webextension.screenshots@mozilla.org	WARN	Loading extension 'screenshots@mozilla.org': Reading manifest: Invalid extension permission: resource://pdf.js/
1571688552417	addons.webextension.screenshots@mozilla.org	WARN	Loading extension 'screenshots@mozilla.org': Reading manifest: Invalid extension permission: about:reader*
1571688554013	Marionette	INFO	Listening on port 59604
1571688554029	Marionette	WARN	TLS certificate errors will be ignored for this session
JavaScript warning: http://demowebshop.tricentis.com/Scripts/jquery-1.10.2.min.js, line 19: Using //@ to indicate sourceMappingURL pragmas is deprecated. Use //# instead
JavaScript warning: http://demowebshop.tricentis.com/Scripts/jquery-1.10.2.min.js, line 19: Using //@ to indicate sourceMappingURL pragmas is deprecated. Use //# instead
1571688561915	Marionette	INFO	Stopped listening on port 59604
1571689116134	mozrunner::runner	INFO	Running command: "/Applications/Firefox.app/Contents/MacOS/firefox-bin" "-marionette" "-foreground" "-no-remote" "-profile" "/var/folders/4t/y3_nmb0x3r72x_dgy7c8n6wc0000gn/T/rust_mozprofile.Qm3DwU6HENGr"
1571689116665	addons.webextension.screenshots@mozilla.org	WARN	Loading extension 'screenshots@mozilla.org': Reading manifest: Invalid extension permission: mozillaAddons
1571689116666	addons.webextension.screenshots@mozilla.org	WARN	Loading extension 'screenshots@mozilla.org': Reading manifest: Invalid extension permission: telemetry
1571689116666	addons.webextension.screenshots@mozilla.org	WARN	Loading extension 'screenshots@mozilla.org': Reading manifest: Invalid extension permission: resource://pdf.js/
1571689116666	addons.webextension.screenshots@mozilla.org	WARN	Loading extension 'screenshots@mozilla.org': Reading manifest: Invalid extension permission: about:reader*
1571689118274	Marionette	INFO	Listening on port 63197
1571689118290	Marionette	WARN	TLS certificate errors will be ignored for this session
JavaScript warning: http://demowebshop.tricentis.com/Scripts/jquery-1.10.2.min.js, line 19: Using //@ to indicate sourceMappingURL pragmas is deprecated. Use //# instead
1571689120792	mozrunner::runner	INFO	Running command: "/Applications/Firefox.app/Contents/MacOS/firefox-bin" "-marionette" "-foreground" "-no-remote" "-profile" "/var/folders/4t/y3_nmb0x3r72x_dgy7c8n6wc0000gn/T/rust_mozprofile.IXZ6tBx88f4g"
1571689121292	addons.webextension.screenshots@mozilla.org	WARN	Loading extension 'screenshots@mozilla.org': Reading manifest: Invalid extension permission: mozillaAddons
1571689121292	addons.webextension.screenshots@mozilla.org	WARN	Loading extension 'screenshots@mozilla.org': Reading manifest: Invalid extension permission: telemetry
1571689121293	addons.webextension.screenshots@mozilla.org	WARN	Loading extension 'screenshots@mozilla.org': Reading manifest: Invalid extension permission: resource://pdf.js/
1571689121293	addons.webextension.screenshots@mozilla.org	WARN	Loading extension 'screenshots@mozilla.org': Reading manifest: Invalid extension permission: about:reader*
1571689122870	Marionette	INFO	Listening on port 63268
1571689122947	Marionette	WARN	TLS certificate errors will be ignored for this session
1571689127006	Marionette	INFO	Stopped listening on port 63197
1571689127523	Marionette	INFO	Stopped listening on port 63268
1571689643565	mozrunner::runner	INFO	Running command: "/Applications/Firefox.app/Contents/MacOS/firefox-bin" "-marionette" "-foreground" "-no-remote" "-profile" "/var/folders/4t/y3_nmb0x3r72x_dgy7c8n6wc0000gn/T/rust_mozprofile.QH8As0MZWVsk"
1571689644079	addons.webextension.screenshots@mozilla.org	WARN	Loading extension 'screenshots@mozilla.org': Reading manifest: Invalid extension permission: mozillaAddons
1571689644079	addons.webextension.screenshots@mozilla.org	WARN	Loading extension 'screenshots@mozilla.org': Reading manifest: Invalid extension permission: telemetry
1571689644079	addons.webextension.screenshots@mozilla.org	WARN	Loading extension 'screenshots@mozilla.org': Reading manifest: Invalid extension permission: resource://pdf.js/
1571689644079	addons.webextension.screenshots@mozilla.org	WARN	Loading extension 'screenshots@mozilla.org': Reading manifest: Invalid extension permission: about:reader*
1571689645809	Marionette	INFO	Listening on port 50220
1571689645899	Marionette	WARN	TLS certificate errors will be ignored for this session
1571689649085	Marionette	INFO	Stopped listening on port 50220
1571690096678	mozrunner::runner	INFO	Running command: "/Applications/Firefox.app/Contents/MacOS/firefox-bin" "-marionette" "-foreground" "-no-remote" "-profile" "/var/folders/4t/y3_nmb0x3r72x_dgy7c8n6wc0000gn/T/rust_mozprofile.NjVpqcLMVYED"
1571690097281	addons.webextension.screenshots@mozilla.org	WARN	Loading extension 'screenshots@mozilla.org': Reading manifest: Invalid extension permission: mozillaAddons
1571690097281	addons.webextension.screenshots@mozilla.org	WARN	Loading extension 'screenshots@mozilla.org': Reading manifest: Invalid extension permission: telemetry
1571690097282	addons.webextension.screenshots@mozilla.org	WARN	Loading extension 'screenshots@mozilla.org': Reading manifest: Invalid extension permission: resource://pdf.js/
1571690097282	addons.webextension.screenshots@mozilla.org	WARN	Loading extension 'screenshots@mozilla.org': Reading manifest: Invalid extension permission: about:reader*
1571690099191	Marionette	INFO	Listening on port 53139
1571690099224	Marionette	WARN	TLS certificate errors will be ignored for this session
1571690138795	mozrunner::runner	INFO	Running command: "/Applications/Firefox.app/Contents/MacOS/firefox-bin" "-marionette" "-foreground" "-no-remote" "-profile" "/var/folders/4t/y3_nmb0x3r72x_dgy7c8n6wc0000gn/T/rust_mozprofile.e6A5LHB8TwIi"
1571690139268	addons.webextension.screenshots@mozilla.org	WARN	Loading extension 'screenshots@mozilla.org': Reading manifest: Invalid extension permission: mozillaAddons
1571690139269	addons.webextension.screenshots@mozilla.org	WARN	Loading extension 'screenshots@mozilla.org': Reading manifest: Invalid extension permission: telemetry
1571690139269	addons.webextension.screenshots@mozilla.org	WARN	Loading extension 'screenshots@mozilla.org': Reading manifest: Invalid extension permission: resource://pdf.js/
1571690139269	addons.webextension.screenshots@mozilla.org	WARN	Loading extension 'screenshots@mozilla.org': Reading manifest: Invalid extension permission: about:reader*
1571690140830	Marionette	INFO	Listening on port 53463
1571690140847	Marionette	WARN	TLS certificate errors will be ignored for this session
1571690147676	Marionette	INFO	Stopped listening on port 53463
1571690288069	mozrunner::runner	INFO	Running command: "/Applications/Firefox.app/Contents/MacOS/firefox-bin" "-marionette" "-foreground" "-no-remote" "-profile" "/var/folders/4t/y3_nmb0x3r72x_dgy7c8n6wc0000gn/T/rust_mozprofile.S10Bsnipvw0x"
1571690288559	addons.webextension.screenshots@mozilla.org	WARN	Loading extension 'screenshots@mozilla.org': Reading manifest: Invalid extension permission: mozillaAddons
1571690288560	addons.webextension.screenshots@mozilla.org	WARN	Loading extension 'screenshots@mozilla.org': Reading manifest: Invalid extension permission: telemetry
1571690288560	addons.webextension.screenshots@mozilla.org	WARN	Loading extension 'screenshots@mozilla.org': Reading manifest: Invalid extension permission: resource://pdf.js/
1571690288560	addons.webextension.screenshots@mozilla.org	WARN	Loading extension 'screenshots@mozilla.org': Reading manifest: Invalid extension permission: about:reader*
1571690290073	Marionette	INFO	Listening on port 54459
1571690290102	Marionette	WARN	TLS certificate errors will be ignored for this session
1571690297017	Marionette	INFO	Stopped listening on port 54459
1571690337751	mozrunner::runner	INFO	Running command: "/Applications/Firefox.app/Contents/MacOS/firefox-bin" "-marionette" "-foreground" "-no-remote" "-profile" "/var/folders/4t/y3_nmb0x3r72x_dgy7c8n6wc0000gn/T/rust_mozprofile.2kcH62f3VjAG"
1571690338197	addons.webextension.screenshots@mozilla.org	WARN	Loading extension 'screenshots@mozilla.org': Reading manifest: Invalid extension permission: mozillaAddons
1571690338198	addons.webextension.screenshots@mozilla.org	WARN	Loading extension 'screenshots@mozilla.org': Reading manifest: Invalid extension permission: telemetry
1571690338198	addons.webextension.screenshots@mozilla.org	WARN	Loading extension 'screenshots@mozilla.org': Reading manifest: Invalid extension permission: resource://pdf.js/
1571690338198	addons.webextension.screenshots@mozilla.org	WARN	Loading extension 'screenshots@mozilla.org': Reading manifest: Invalid extension permission: about:reader*
1571690339696	Marionette	INFO	Listening on port 54834
1571690339786	Marionette	WARN	TLS certificate errors will be ignored for this session
1571690346946	Marionette	INFO	Stopped listening on port 54834
